2012/02/20 10:50:24 [error] [exception.CHttpException.404] exception 'CHttpException' with message 'The requested page does not exist.' in /Applications/MAMP/htdocs/gxc/core/cms1.0/components/GxcHelpers.php:16
Stack trace:
#0 /Applications/MAMP/htdocs/gxc/core/cms1.0/widgets/resource/ResourceUpdateWidget.php(38): GxcHelpers::loadDetailModel('Resource', 0)
#1 /Applications/MAMP/htdocs/gxc/core/cms1.0/widgets/resource/ResourceUpdateWidget.php(25): ResourceUpdateWidget->renderContent()
#2 /Applications/MAMP/htdocs/gxc/core/yii/framework/web/CBaseController.php(174): ResourceUpdateWidget->run()
#3 /Applications/MAMP/htdocs/sample/backend/protected/views/beresource/resource_update.php(6): CBaseController->widget('cmswidgets.reso...', Array)
#4 /Applications/MAMP/htdocs/gxc/core/yii/framework/web/CBaseController.php(127): require('/Applications/M...')
#5 /Applications/MAMP/htdocs/gxc/core/yii/framework/web/CBaseController.php(96): CBaseController->renderInternal('/Applications/M...', Array, true)
#6 /Applications/MAMP/htdocs/gxc/core/yii/framework/web/CController.php(870): CBaseController->renderFile('/Applications/M...', Array, true)
#7 /Applications/MAMP/htdocs/gxc/core/yii/framework/web/CController.php(783): CController->renderPartial('resource_update', Array, true)
#8 /Applications/MAMP/htdocs/sample/backend/protected/controllers/BeresourceController.php(83): CController->render('resource_update', Array)
#9 /Applications/MAMP/htdocs/gxc/core/yii/framework/web/actions/CInlineAction.php(50): BeresourceController->actionUpdate()
#10 /Applications/MAMP/htdocs/gxc/core/yii/framework/web/CController.php(309): CInlineAction->runWithParams(Array)
#11 /Applications/MAMP/htdocs/gxc/core/yii/framework/web/filters/CFilterChain.php(134): CController->runAction(Object(CInlineAction))
#12 /Applications/MAMP/htdocs/gxc/core/yii/framework/web/filters/CFilter.php(41): CFilterChain->run()
#13 /Applications/MAMP/htdocs/gxc/core/cms1.0/modules/rights/components/RController.php(39): CFilter->filter(Object(CFilterChain))
#14 /Applications/MAMP/htdocs/gxc/core/yii/framework/web/filters/CInlineFilter.php(59): RController->filterRights(Object(CFilterChain))
#15 /Applications/MAMP/htdocs/gxc/core/yii/framework/web/filters/CFilterChain.php(131): CInlineFilter->filter(Object(CFilterChain))
#16 /Applications/MAMP/htdocs/gxc/core/yii/framework/web/CController.php(292): CFilterChain->run()
#17 /Applications/MAMP/htdocs/gxc/core/yii/framework/web/CController.php(266): CController->runActionWithFilters(Object(CInlineAction), Array)
#18 /Applications/MAMP/htdocs/gxc/core/yii/framework/web/CWebApplication.php(276): CController->run('update')
#19 /Applications/MAMP/htdocs/gxc/core/yii/framework/web/CWebApplication.php(135): CWebApplication->runController('beresource/upda...')
#20 /Applications/MAMP/htdocs/gxc/core/yii/framework/base/CApplication.php(162): CWebApplication->processRequest()
#21 /Applications/MAMP/htdocs/sample/backend/index-test.php(39): CApplication->run()
#22 {main}
REQUEST_URI=/sample/backend/beresource/update
---
2012/02/20 10:50:24 [error] [exception.CHttpException.404] exception 'CHttpException' with message 'The requested page does not exist.' in /Applications/MAMP/htdocs/gxc/core/cms1.0/components/GxcHelpers.php:16
Stack trace:
#0 /Applications/MAMP/htdocs/gxc/core/cms1.0/widgets/resource/ResourceUpdateWidget.php(38): GxcHelpers::loadDetailModel('Resource', 0)
#1 /Applications/MAMP/htdocs/gxc/core/cms1.0/widgets/resource/ResourceUpdateWidget.php(25): ResourceUpdateWidget->renderContent()
#2 /Applications/MAMP/htdocs/gxc/core/yii/framework/web/CBaseController.php(174): ResourceUpdateWidget->run()
#3 /Applications/MAMP/htdocs/sample/backend/protected/views/beresource/resource_update.php(6): CBaseController->widget('cmswidgets.reso...', Array)
#4 /Applications/MAMP/htdocs/gxc/core/yii/framework/web/CBaseController.php(127): require('/Applications/M...')
#5 /Applications/MAMP/htdocs/gxc/core/yii/framework/web/CBaseController.php(96): CBaseController->renderInternal('/Applications/M...', Array, true)
#6 /Applications/MAMP/htdocs/gxc/core/yii/framework/web/CController.php(870): CBaseController->renderFile('/Applications/M...', Array, true)
#7 /Applications/MAMP/htdocs/gxc/core/yii/framework/web/CController.php(783): CController->renderPartial('resource_update', Array, true)
#8 /Applications/MAMP/htdocs/sample/backend/protected/controllers/BeresourceController.php(83): CController->render('resource_update', Array)
#9 /Applications/MAMP/htdocs/gxc/core/yii/framework/web/actions/CInlineAction.php(50): BeresourceController->actionUpdate()
#10 /Applications/MAMP/htdocs/gxc/core/yii/framework/web/CController.php(309): CInlineAction->runWithParams(Array)
#11 /Applications/MAMP/htdocs/gxc/core/yii/framework/web/filters/CFilterChain.php(134): CController->runAction(Object(CInlineAction))
#12 /Applications/MAMP/htdocs/gxc/core/yii/framework/web/filters/CFilter.php(41): CFilterChain->run()
#13 /Applications/MAMP/htdocs/gxc/core/cms1.0/modules/rights/components/RController.php(39): CFilter->filter(Object(CFilterChain))
#14 /Applications/MAMP/htdocs/gxc/core/yii/framework/web/filters/CInlineFilter.php(59): RController->filterRights(Object(CFilterChain))
#15 /Applications/MAMP/htdocs/gxc/core/yii/framework/web/filters/CFilterChain.php(131): CInlineFilter->filter(Object(CFilterChain))
#16 /Applications/MAMP/htdocs/gxc/core/yii/framework/web/CController.php(292): CFilterChain->run()
#17 /Applications/MAMP/htdocs/gxc/core/yii/framework/web/CController.php(266): CController->runActionWithFilters(Object(CInlineAction), Array)
#18 /Applications/MAMP/htdocs/gxc/core/yii/framework/web/CWebApplication.php(276): CController->run('update')
#19 /Applications/MAMP/htdocs/gxc/core/yii/framework/web/CWebApplication.php(135): CWebApplication->runController('beresource/upda...')
#20 /Applications/MAMP/htdocs/gxc/core/yii/framework/base/CApplication.php(162): CWebApplication->processRequest()
#21 /Applications/MAMP/htdocs/sample/backend/index-test.php(39): CApplication->run()
#22 {main}
REQUEST_URI=/sample/backend/beresource/update
---
2012/02/20 10:50:37 [error] [exception.CHttpException.404] exception 'CHttpException' with message 'The requested page does not exist.' in /Applications/MAMP/htdocs/gxc/core/cms1.0/components/GxcHelpers.php:16
Stack trace:
#0 /Applications/MAMP/htdocs/gxc/core/cms1.0/widgets/resource/ResourceUpdateWidget.php(38): GxcHelpers::loadDetailModel('Resource', 0)
#1 /Applications/MAMP/htdocs/gxc/core/cms1.0/widgets/resource/ResourceUpdateWidget.php(25): ResourceUpdateWidget->renderContent()
#2 /Applications/MAMP/htdocs/gxc/core/yii/framework/web/CBaseController.php(174): ResourceUpdateWidget->run()
#3 /Applications/MAMP/htdocs/sample/backend/protected/views/beresource/resource_update.php(6): CBaseController->widget('cmswidgets.reso...', Array)
#4 /Applications/MAMP/htdocs/gxc/core/yii/framework/web/CBaseController.php(127): require('/Applications/M...')
#5 /Applications/MAMP/htdocs/gxc/core/yii/framework/web/CBaseController.php(96): CBaseController->renderInternal('/Applications/M...', Array, true)
#6 /Applications/MAMP/htdocs/gxc/core/yii/framework/web/CController.php(870): CBaseController->renderFile('/Applications/M...', Array, true)
#7 /Applications/MAMP/htdocs/gxc/core/yii/framework/web/CController.php(783): CController->renderPartial('resource_update', Array, true)
#8 /Applications/MAMP/htdocs/sample/backend/protected/controllers/BeresourceController.php(83): CController->render('resource_update', Array)
#9 /Applications/MAMP/htdocs/gxc/core/yii/framework/web/actions/CInlineAction.php(50): BeresourceController->actionUpdate()
#10 /Applications/MAMP/htdocs/gxc/core/yii/framework/web/CController.php(309): CInlineAction->runWithParams(Array)
#11 /Applications/MAMP/htdocs/gxc/core/yii/framework/web/filters/CFilterChain.php(134): CController->runAction(Object(CInlineAction))
#12 /Applications/MAMP/htdocs/gxc/core/yii/framework/web/filters/CFilter.php(41): CFilterChain->run()
#13 /Applications/MAMP/htdocs/gxc/core/cms1.0/modules/rights/components/RController.php(39): CFilter->filter(Object(CFilterChain))
#14 /Applications/MAMP/htdocs/gxc/core/yii/framework/web/filters/CInlineFilter.php(59): RController->filterRights(Object(CFilterChain))
#15 /Applications/MAMP/htdocs/gxc/core/yii/framework/web/filters/CFilterChain.php(131): CInlineFilter->filter(Object(CFilterChain))
#16 /Applications/MAMP/htdocs/gxc/core/yii/framework/web/CController.php(292): CFilterChain->run()
#17 /Applications/MAMP/htdocs/gxc/core/yii/framework/web/CController.php(266): CController->runActionWithFilters(Object(CInlineAction), Array)
#18 /Applications/MAMP/htdocs/gxc/core/yii/framework/web/CWebApplication.php(276): CController->run('update')
#19 /Applications/MAMP/htdocs/gxc/core/yii/framework/web/CWebApplication.php(135): CWebApplication->runController('beresource/upda...')
#20 /Applications/MAMP/htdocs/gxc/core/yii/framework/base/CApplication.php(162): CWebApplication->processRequest()
#21 /Applications/MAMP/htdocs/sample/backend/index-test.php(39): CApplication->run()
#22 {main}
REQUEST_URI=/sample/backend/beresource/update
---
2012/02/20 10:50:37 [error] [exception.CHttpException.404] exception 'CHttpException' with message 'The requested page does not exist.' in /Applications/MAMP/htdocs/gxc/core/cms1.0/components/GxcHelpers.php:16
Stack trace:
#0 /Applications/MAMP/htdocs/gxc/core/cms1.0/widgets/resource/ResourceUpdateWidget.php(38): GxcHelpers::loadDetailModel('Resource', 0)
#1 /Applications/MAMP/htdocs/gxc/core/cms1.0/widgets/resource/ResourceUpdateWidget.php(25): ResourceUpdateWidget->renderContent()
#2 /Applications/MAMP/htdocs/gxc/core/yii/framework/web/CBaseController.php(174): ResourceUpdateWidget->run()
#3 /Applications/MAMP/htdocs/sample/backend/protected/views/beresource/resource_update.php(6): CBaseController->widget('cmswidgets.reso...', Array)
#4 /Applications/MAMP/htdocs/gxc/core/yii/framework/web/CBaseController.php(127): require('/Applications/M...')
#5 /Applications/MAMP/htdocs/gxc/core/yii/framework/web/CBaseController.php(96): CBaseController->renderInternal('/Applications/M...', Array, true)
#6 /Applications/MAMP/htdocs/gxc/core/yii/framework/web/CController.php(870): CBaseController->renderFile('/Applications/M...', Array, true)
#7 /Applications/MAMP/htdocs/gxc/core/yii/framework/web/CController.php(783): CController->renderPartial('resource_update', Array, true)
#8 /Applications/MAMP/htdocs/sample/backend/protected/controllers/BeresourceController.php(83): CController->render('resource_update', Array)
#9 /Applications/MAMP/htdocs/gxc/core/yii/framework/web/actions/CInlineAction.php(50): BeresourceController->actionUpdate()
#10 /Applications/MAMP/htdocs/gxc/core/yii/framework/web/CController.php(309): CInlineAction->runWithParams(Array)
#11 /Applications/MAMP/htdocs/gxc/core/yii/framework/web/filters/CFilterChain.php(134): CController->runAction(Object(CInlineAction))
#12 /Applications/MAMP/htdocs/gxc/core/yii/framework/web/filters/CFilter.php(41): CFilterChain->run()
#13 /Applications/MAMP/htdocs/gxc/core/cms1.0/modules/rights/components/RController.php(39): CFilter->filter(Object(CFilterChain))
#14 /Applications/MAMP/htdocs/gxc/core/yii/framework/web/filters/CInlineFilter.php(59): RController->filterRights(Object(CFilterChain))
#15 /Applications/MAMP/htdocs/gxc/core/yii/framework/web/filters/CFilterChain.php(131): CInlineFilter->filter(Object(CFilterChain))
#16 /Applications/MAMP/htdocs/gxc/core/yii/framework/web/CController.php(292): CFilterChain->run()
#17 /Applications/MAMP/htdocs/gxc/core/yii/framework/web/CController.php(266): CController->runActionWithFilters(Object(CInlineAction), Array)
#18 /Applications/MAMP/htdocs/gxc/core/yii/framework/web/CWebApplication.php(276): CController->run('update')
#19 /Applications/MAMP/htdocs/gxc/core/yii/framework/web/CWebApplication.php(135): CWebApplication->runController('beresource/upda...')
#20 /Applications/MAMP/htdocs/gxc/core/yii/framework/base/CApplication.php(162): CWebApplication->processRequest()
#21 /Applications/MAMP/htdocs/sample/backend/index-test.php(39): CApplication->run()
#22 {main}
REQUEST_URI=/sample/backend/beresource/update
---
2012/02/20 10:53:03 [error] [exception.CHttpException.404] exception 'CHttpException' with message 'Unable to resolve the request "assets/9acda74e/images/edit.png".' in /Applications/MAMP/htdocs/gxc/core/yii/framework/web/CWebApplication.php:280
Stack trace:
#0 /Applications/MAMP/htdocs/gxc/core/yii/framework/web/CWebApplication.php(135): CWebApplication->runController('assets/9acda74e...')
#1 /Applications/MAMP/htdocs/gxc/core/yii/framework/base/CApplication.php(162): CWebApplication->processRequest()
#2 /Applications/MAMP/htdocs/sample/backend/index-test.php(39): CApplication->run()
#3 {main}
REQUEST_URI=/sample/backend/assets/9acda74e/images/edit.png
HTTP_REFERER=http://localhost/sample/backend/beobject/create/type/article
---
2012/02/20 10:53:03 [error] [exception.CHttpException.404] exception 'CHttpException' with message 'Unable to resolve the request "assets/9acda74e/images/edit.png".' in /Applications/MAMP/htdocs/gxc/core/yii/framework/web/CWebApplication.php:280
Stack trace:
#0 /Applications/MAMP/htdocs/gxc/core/yii/framework/web/CWebApplication.php(135): CWebApplication->runController('assets/9acda74e...')
#1 /Applications/MAMP/htdocs/gxc/core/yii/framework/base/CApplication.php(162): CWebApplication->processRequest()
#2 /Applications/MAMP/htdocs/sample/backend/index-test.php(39): CApplication->run()
#3 {main}
REQUEST_URI=/sample/backend/assets/9acda74e/images/edit.png
HTTP_REFERER=http://localhost/sample/backend/beobject/create/type/article
---
2012/02/20 10:53:41 [error] [exception.CHttpException.404] exception 'CHttpException' with message 'Unable to resolve the request "assets/9acda74e/images/edit.png".' in /Applications/MAMP/htdocs/gxc/core/yii/framework/web/CWebApplication.php:280
Stack trace:
#0 /Applications/MAMP/htdocs/gxc/core/yii/framework/web/CWebApplication.php(135): CWebApplication->runController('assets/9acda74e...')
#1 /Applications/MAMP/htdocs/gxc/core/yii/framework/base/CApplication.php(162): CWebApplication->processRequest()
#2 /Applications/MAMP/htdocs/sample/backend/index-test.php(39): CApplication->run()
#3 {main}
REQUEST_URI=/sample/backend/assets/9acda74e/images/edit.png
HTTP_REFERER=http://localhost/sample/backend/beobject/create/type/article
---
2012/02/20 10:53:41 [error] [exception.CHttpException.404] exception 'CHttpException' with message 'Unable to resolve the request "assets/9acda74e/images/edit.png".' in /Applications/MAMP/htdocs/gxc/core/yii/framework/web/CWebApplication.php:280
Stack trace:
#0 /Applications/MAMP/htdocs/gxc/core/yii/framework/web/CWebApplication.php(135): CWebApplication->runController('assets/9acda74e...')
#1 /Applications/MAMP/htdocs/gxc/core/yii/framework/base/CApplication.php(162): CWebApplication->processRequest()
#2 /Applications/MAMP/htdocs/sample/backend/index-test.php(39): CApplication->run()
#3 {main}
REQUEST_URI=/sample/backend/assets/9acda74e/images/edit.png
HTTP_REFERER=http://localhost/sample/backend/beobject/create/type/article
---
2012/02/20 10:54:35 [error] [exception.CHttpException.404] exception 'CHttpException' with message 'Unable to resolve the request "assets/9acda74e/images/diabled.png".' in /Applications/MAMP/htdocs/gxc/core/yii/framework/web/CWebApplication.php:280
Stack trace:
#0 /Applications/MAMP/htdocs/gxc/core/yii/framework/web/CWebApplication.php(135): CWebApplication->runController('assets/9acda74e...')
#1 /Applications/MAMP/htdocs/gxc/core/yii/framework/base/CApplication.php(162): CWebApplication->processRequest()
#2 /Applications/MAMP/htdocs/sample/backend/index-test.php(39): CApplication->run()
#3 {main}
REQUEST_URI=/sample/backend/assets/9acda74e/images/diabled.png
HTTP_REFERER=http://localhost/sample/backend/beobject/create/type/article
---
2012/02/20 10:54:35 [error] [exception.CHttpException.404] exception 'CHttpException' with message 'Unable to resolve the request "assets/9acda74e/images/diabled.png".' in /Applications/MAMP/htdocs/gxc/core/yii/framework/web/CWebApplication.php:280
Stack trace:
#0 /Applications/MAMP/htdocs/gxc/core/yii/framework/web/CWebApplication.php(135): CWebApplication->runController('assets/9acda74e...')
#1 /Applications/MAMP/htdocs/gxc/core/yii/framework/base/CApplication.php(162): CWebApplication->processRequest()
#2 /Applications/MAMP/htdocs/sample/backend/index-test.php(39): CApplication->run()
#3 {main}
REQUEST_URI=/sample/backend/assets/9acda74e/images/diabled.png
HTTP_REFERER=http://localhost/sample/backend/beobject/create/type/article
---
2012/02/20 11:26:18 [error] [exception.CException] exception 'CException' with message 'BeobjectController cannot find the requested view "cmswidgets.object.views.object_resource_form_widget".' in /Applications/MAMP/htdocs/gxc/core/yii/framework/web/CController.php:879
Stack trace:
#0 /Applications/MAMP/htdocs/sample/common/content_type/article/object_form_widget.php(148): CController->renderPartial('cmswidgets.obje...', Array)
#1 /Applications/MAMP/htdocs/gxc/core/yii/framework/web/CBaseController.php(131): require('/Applications/M...')
#2 /Applications/MAMP/htdocs/gxc/core/yii/framework/web/CBaseController.php(96): CBaseController->renderInternal('/Applications/M...', Array, false)
#3 /Applications/MAMP/htdocs/gxc/core/yii/framework/web/widgets/CWidget.php(244): CBaseController->renderFile('/Applications/M...', Array, false)
#4 /Applications/MAMP/htdocs/gxc/core/cms1.0/widgets/object/ObjectCreateWidget.php(359): CWidget->render('common.content_...', Array)
#5 /Applications/MAMP/htdocs/gxc/core/cms1.0/widgets/object/ObjectCreateWidget.php(25): ObjectCreateWidget->renderContent()
#6 /Applications/MAMP/htdocs/gxc/core/yii/framework/web/CBaseController.php(174): ObjectCreateWidget->run()
#7 /Applications/MAMP/htdocs/sample/backend/protected/views/beobject/object_create.php(4): CBaseController->widget('cmswidgets.obje...', Array)
#8 /Applications/MAMP/htdocs/gxc/core/yii/framework/web/CBaseController.php(127): require('/Applications/M...')
#9 /Applications/MAMP/htdocs/gxc/core/yii/framework/web/CBaseController.php(96): CBaseController->renderInternal('/Applications/M...', NULL, true)
#10 /Applications/MAMP/htdocs/gxc/core/yii/framework/web/CController.php(870): CBaseController->renderFile('/Applications/M...', NULL, true)
#11 /Applications/MAMP/htdocs/gxc/core/yii/framework/web/CController.php(783): CController->renderPartial('object_create', NULL, true)
#12 /Applications/MAMP/htdocs/sample/backend/protected/controllers/BeobjectController.php(28): CController->render('object_create')
#13 /Applications/MAMP/htdocs/gxc/core/yii/framework/web/actions/CInlineAction.php(50): BeobjectController->actionCreate()
#14 /Applications/MAMP/htdocs/gxc/core/yii/framework/web/CController.php(309): CInlineAction->runWithParams(Array)
#15 /Applications/MAMP/htdocs/gxc/core/yii/framework/web/filters/CFilterChain.php(134): CController->runAction(Object(CInlineAction))
#16 /Applications/MAMP/htdocs/gxc/core/yii/framework/web/filters/CFilter.php(41): CFilterChain->run()
#17 /Applications/MAMP/htdocs/gxc/core/cms1.0/modules/rights/components/RController.php(39): CFilter->filter(Object(CFilterChain))
#18 /Applications/MAMP/htdocs/gxc/core/yii/framework/web/filters/CInlineFilter.php(59): RController->filterRights(Object(CFilterChain))
#19 /Applications/MAMP/htdocs/gxc/core/yii/framework/web/filters/CFilterChain.php(131): CInlineFilter->filter(Object(CFilterChain))
#20 /Applications/MAMP/htdocs/gxc/core/yii/framework/web/CController.php(292): CFilterChain->run()
#21 /Applications/MAMP/htdocs/gxc/core/yii/framework/web/CController.php(266): CController->runActionWithFilters(Object(CInlineAction), Array)
#22 /Applications/MAMP/htdocs/gxc/core/yii/framework/web/CWebApplication.php(276): CController->run('create')
#23 /Applications/MAMP/htdocs/gxc/core/yii/framework/web/CWebApplication.php(135): CWebApplication->runController('beobject/create...')
#24 /Applications/MAMP/htdocs/gxc/core/yii/framework/base/CApplication.php(162): CWebApplication->processRequest()
#25 /Applications/MAMP/htdocs/sample/backend/index-test.php(39): CApplication->run()
#26 {main}
REQUEST_URI=/sample/backend/beobject/create/type/article
HTTP_REFERER=http://localhost/sample/backend/beobject/create
---
2012/02/20 11:26:18 [error] [exception.CException] exception 'CException' with message 'BeobjectController cannot find the requested view "cmswidgets.object.views.object_resource_form_widget".' in /Applications/MAMP/htdocs/gxc/core/yii/framework/web/CController.php:879
Stack trace:
#0 /Applications/MAMP/htdocs/sample/common/content_type/article/object_form_widget.php(148): CController->renderPartial('cmswidgets.obje...', Array)
#1 /Applications/MAMP/htdocs/gxc/core/yii/framework/web/CBaseController.php(131): require('/Applications/M...')
#2 /Applications/MAMP/htdocs/gxc/core/yii/framework/web/CBaseController.php(96): CBaseController->renderInternal('/Applications/M...', Array, false)
#3 /Applications/MAMP/htdocs/gxc/core/yii/framework/web/widgets/CWidget.php(244): CBaseController->renderFile('/Applications/M...', Array, false)
#4 /Applications/MAMP/htdocs/gxc/core/cms1.0/widgets/object/ObjectCreateWidget.php(359): CWidget->render('common.content_...', Array)
#5 /Applications/MAMP/htdocs/gxc/core/cms1.0/widgets/object/ObjectCreateWidget.php(25): ObjectCreateWidget->renderContent()
#6 /Applications/MAMP/htdocs/gxc/core/yii/framework/web/CBaseController.php(174): ObjectCreateWidget->run()
#7 /Applications/MAMP/htdocs/sample/backend/protected/views/beobject/object_create.php(4): CBaseController->widget('cmswidgets.obje...', Array)
#8 /Applications/MAMP/htdocs/gxc/core/yii/framework/web/CBaseController.php(127): require('/Applications/M...')
#9 /Applications/MAMP/htdocs/gxc/core/yii/framework/web/CBaseController.php(96): CBaseController->renderInternal('/Applications/M...', NULL, true)
#10 /Applications/MAMP/htdocs/gxc/core/yii/framework/web/CController.php(870): CBaseController->renderFile('/Applications/M...', NULL, true)
#11 /Applications/MAMP/htdocs/gxc/core/yii/framework/web/CController.php(783): CController->renderPartial('object_create', NULL, true)
#12 /Applications/MAMP/htdocs/sample/backend/protected/controllers/BeobjectController.php(28): CController->render('object_create')
#13 /Applications/MAMP/htdocs/gxc/core/yii/framework/web/actions/CInlineAction.php(50): BeobjectController->actionCreate()
#14 /Applications/MAMP/htdocs/gxc/core/yii/framework/web/CController.php(309): CInlineAction->runWithParams(Array)
#15 /Applications/MAMP/htdocs/gxc/core/yii/framework/web/filters/CFilterChain.php(134): CController->runAction(Object(CInlineAction))
#16 /Applications/MAMP/htdocs/gxc/core/yii/framework/web/filters/CFilter.php(41): CFilterChain->run()
#17 /Applications/MAMP/htdocs/gxc/core/cms1.0/modules/rights/components/RController.php(39): CFilter->filter(Object(CFilterChain))
#18 /Applications/MAMP/htdocs/gxc/core/yii/framework/web/filters/CInlineFilter.php(59): RController->filterRights(Object(CFilterChain))
#19 /Applications/MAMP/htdocs/gxc/core/yii/framework/web/filters/CFilterChain.php(131): CInlineFilter->filter(Object(CFilterChain))
#20 /Applications/MAMP/htdocs/gxc/core/yii/framework/web/CController.php(292): CFilterChain->run()
#21 /Applications/MAMP/htdocs/gxc/core/yii/framework/web/CController.php(266): CController->runActionWithFilters(Object(CInlineAction), Array)
#22 /Applications/MAMP/htdocs/gxc/core/yii/framework/web/CWebApplication.php(276): CController->run('create')
#23 /Applications/MAMP/htdocs/gxc/core/yii/framework/web/CWebApplication.php(135): CWebApplication->runController('beobject/create...')
#24 /Applications/MAMP/htdocs/gxc/core/yii/framework/base/CApplication.php(162): CWebApplication->processRequest()
#25 /Applications/MAMP/htdocs/sample/backend/index-test.php(39): CApplication->run()
#26 {main}
REQUEST_URI=/sample/backend/beobject/create/type/article
HTTP_REFERER=http://localhost/sample/backend/beobject/create
---
2012/02/20 11:26:42 [error] [php] Undefined variable: content_resources (/Applications/MAMP/htdocs/gxc/core/cms1.0/widgets/views/object/object_resource_form_widget.php:82)
Stack trace:
#0 /Applications/MAMP/htdocs/gxc/core/yii/framework/web/CController.php(870): BeobjectController->renderFile()
#1 /Applications/MAMP/htdocs/sample/common/content_type/article/object_form_widget.php(148): BeobjectController->renderPartial()
#2 /Applications/MAMP/htdocs/gxc/core/yii/framework/web/CBaseController.php(131): require()
#3 /Applications/MAMP/htdocs/gxc/core/yii/framework/web/CBaseController.php(96): ObjectCreateWidget->renderInternal()
#4 /Applications/MAMP/htdocs/gxc/core/yii/framework/web/widgets/CWidget.php(244): ObjectCreateWidget->renderFile()
#5 /Applications/MAMP/htdocs/gxc/core/cms1.0/widgets/object/ObjectCreateWidget.php(359): ObjectCreateWidget->render()
#6 /Applications/MAMP/htdocs/gxc/core/cms1.0/widgets/object/ObjectCreateWidget.php(25): ObjectCreateWidget->renderContent()
#7 /Applications/MAMP/htdocs/gxc/core/yii/framework/web/CBaseController.php(174): ObjectCreateWidget->run()
#8 /Applications/MAMP/htdocs/sample/backend/protected/views/beobject/object_create.php(4): BeobjectController->widget()
#9 /Applications/MAMP/htdocs/gxc/core/yii/framework/web/CBaseController.php(127): require()
#10 /Applications/MAMP/htdocs/gxc/core/yii/framework/web/CBaseController.php(96): BeobjectController->renderInternal()
#11 /Applications/MAMP/htdocs/gxc/core/yii/framework/web/CController.php(870): BeobjectController->renderFile()
#12 /Applications/MAMP/htdocs/gxc/core/yii/framework/web/CController.php(783): BeobjectController->renderPartial()
#13 /Applications/MAMP/htdocs/sample/backend/protected/controllers/BeobjectController.php(28): BeobjectController->render()
#14 /Applications/MAMP/htdocs/gxc/core/yii/framework/web/actions/CInlineAction.php(50): BeobjectController->actionCreate()
#15 /Applications/MAMP/htdocs/gxc/core/yii/framework/web/CController.php(309): CInlineAction->runWithParams()
#16 /Applications/MAMP/htdocs/gxc/core/yii/framework/web/filters/CFilterChain.php(134): BeobjectController->runAction()
#17 /Applications/MAMP/htdocs/gxc/core/yii/framework/web/filters/CFilter.php(41): CFilterChain->run()
#18 /Applications/MAMP/htdocs/gxc/core/cms1.0/modules/rights/components/RController.php(39): RightsFilter->filter()
#19 /Applications/MAMP/htdocs/gxc/core/yii/framework/web/filters/CInlineFilter.php(59): BeobjectController->filterRights()
#20 /Applications/MAMP/htdocs/gxc/core/yii/framework/web/filters/CFilterChain.php(131): CInlineFilter->filter()
#21 /Applications/MAMP/htdocs/gxc/core/yii/framework/web/CController.php(292): CFilterChain->run()
#22 /Applications/MAMP/htdocs/gxc/core/yii/framework/web/CController.php(266): BeobjectController->runActionWithFilters()
#23 /Applications/MAMP/htdocs/gxc/core/yii/framework/web/CWebApplication.php(276): BeobjectController->run()
#24 /Applications/MAMP/htdocs/gxc/core/yii/framework/web/CWebApplication.php(135): CWebApplication->runController()
#25 /Applications/MAMP/htdocs/gxc/core/yii/framework/base/CApplication.php(162): CWebApplication->processRequest()
#26 /Applications/MAMP/htdocs/sample/backend/index-test.php(39): CWebApplication->run()
REQUEST_URI=/sample/backend/beobject/create/type/article
2012/02/20 11:26:42 [error] [php] Undefined variable: content_resources (/Applications/MAMP/htdocs/gxc/core/cms1.0/widgets/views/object/object_resource_form_widget.php:82)
Stack trace:
#0 /Applications/MAMP/htdocs/gxc/core/yii/framework/web/CController.php(870): BeobjectController->renderFile()
#1 /Applications/MAMP/htdocs/sample/common/content_type/article/object_form_widget.php(148): BeobjectController->renderPartial()
#2 /Applications/MAMP/htdocs/gxc/core/yii/framework/web/CBaseController.php(131): require()
#3 /Applications/MAMP/htdocs/gxc/core/yii/framework/web/CBaseController.php(96): ObjectCreateWidget->renderInternal()
#4 /Applications/MAMP/htdocs/gxc/core/yii/framework/web/widgets/CWidget.php(244): ObjectCreateWidget->renderFile()
#5 /Applications/MAMP/htdocs/gxc/core/cms1.0/widgets/object/ObjectCreateWidget.php(359): ObjectCreateWidget->render()
#6 /Applications/MAMP/htdocs/gxc/core/cms1.0/widgets/object/ObjectCreateWidget.php(25): ObjectCreateWidget->renderContent()
#7 /Applications/MAMP/htdocs/gxc/core/yii/framework/web/CBaseController.php(174): ObjectCreateWidget->run()
#8 /Applications/MAMP/htdocs/sample/backend/protected/views/beobject/object_create.php(4): BeobjectController->widget()
#9 /Applications/MAMP/htdocs/gxc/core/yii/framework/web/CBaseController.php(127): require()
#10 /Applications/MAMP/htdocs/gxc/core/yii/framework/web/CBaseController.php(96): BeobjectController->renderInternal()
#11 /Applications/MAMP/htdocs/gxc/core/yii/framework/web/CController.php(870): BeobjectController->renderFile()
#12 /Applications/MAMP/htdocs/gxc/core/yii/framework/web/CController.php(783): BeobjectController->renderPartial()
#13 /Applications/MAMP/htdocs/sample/backend/protected/controllers/BeobjectController.php(28): BeobjectController->render()
#14 /Applications/MAMP/htdocs/gxc/core/yii/framework/web/actions/CInlineAction.php(50): BeobjectController->actionCreate()
#15 /Applications/MAMP/htdocs/gxc/core/yii/framework/web/CController.php(309): CInlineAction->runWithParams()
#16 /Applications/MAMP/htdocs/gxc/core/yii/framework/web/filters/CFilterChain.php(134): BeobjectController->runAction()
#17 /Applications/MAMP/htdocs/gxc/core/yii/framework/web/filters/CFilter.php(41): CFilterChain->run()
#18 /Applications/MAMP/htdocs/gxc/core/cms1.0/modules/rights/components/RController.php(39): RightsFilter->filter()
#19 /Applications/MAMP/htdocs/gxc/core/yii/framework/web/filters/CInlineFilter.php(59): BeobjectController->filterRights()
#20 /Applications/MAMP/htdocs/gxc/core/yii/framework/web/filters/CFilterChain.php(131): CInlineFilter->filter()
#21 /Applications/MAMP/htdocs/gxc/core/yii/framework/web/CController.php(292): CFilterChain->run()
#22 /Applications/MAMP/htdocs/gxc/core/yii/framework/web/CController.php(266): BeobjectController->runActionWithFilters()
#23 /Applications/MAMP/htdocs/gxc/core/yii/framework/web/CWebApplication.php(276): BeobjectController->run()
#24 /Applications/MAMP/htdocs/gxc/core/yii/framework/web/CWebApplication.php(135): CWebApplication->runController()
#25 /Applications/MAMP/htdocs/gxc/core/yii/framework/base/CApplication.php(162): CWebApplication->processRequest()
#26 /Applications/MAMP/htdocs/sample/backend/index-test.php(39): CWebApplication->run()
REQUEST_URI=/sample/backend/beobject/create/type/article
2012/02/20 11:30:20 [error] [php] Undefined variable: type (/Applications/MAMP/htdocs/gxc/core/cms1.0/widgets/views/object/object_resource_form_widget.php:61)
Stack trace:
#0 /Applications/MAMP/htdocs/gxc/core/yii/framework/web/CController.php(870): BeobjectController->renderFile()
#1 /Applications/MAMP/htdocs/sample/common/content_type/article/object_form_widget.php(177): BeobjectController->renderPartial()
#2 /Applications/MAMP/htdocs/gxc/core/yii/framework/web/CBaseController.php(131): require()
#3 /Applications/MAMP/htdocs/gxc/core/yii/framework/web/CBaseController.php(96): ObjectCreateWidget->renderInternal()
#4 /Applications/MAMP/htdocs/gxc/core/yii/framework/web/widgets/CWidget.php(244): ObjectCreateWidget->renderFile()
#5 /Applications/MAMP/htdocs/gxc/core/cms1.0/widgets/object/ObjectCreateWidget.php(359): ObjectCreateWidget->render()
#6 /Applications/MAMP/htdocs/gxc/core/cms1.0/widgets/object/ObjectCreateWidget.php(25): ObjectCreateWidget->renderContent()
#7 /Applications/MAMP/htdocs/gxc/core/yii/framework/web/CBaseController.php(174): ObjectCreateWidget->run()
#8 /Applications/MAMP/htdocs/sample/backend/protected/views/beobject/object_create.php(4): BeobjectController->widget()
#9 /Applications/MAMP/htdocs/gxc/core/yii/framework/web/CBaseController.php(127): require()
#10 /Applications/MAMP/htdocs/gxc/core/yii/framework/web/CBaseController.php(96): BeobjectController->renderInternal()
#11 /Applications/MAMP/htdocs/gxc/core/yii/framework/web/CController.php(870): BeobjectController->renderFile()
#12 /Applications/MAMP/htdocs/gxc/core/yii/framework/web/CController.php(783): BeobjectController->renderPartial()
#13 /Applications/MAMP/htdocs/sample/backend/protected/controllers/BeobjectController.php(28): BeobjectController->render()
#14 /Applications/MAMP/htdocs/gxc/core/yii/framework/web/actions/CInlineAction.php(50): BeobjectController->actionCreate()
#15 /Applications/MAMP/htdocs/gxc/core/yii/framework/web/CController.php(309): CInlineAction->runWithParams()
#16 /Applications/MAMP/htdocs/gxc/core/yii/framework/web/filters/CFilterChain.php(134): BeobjectController->runAction()
#17 /Applications/MAMP/htdocs/gxc/core/yii/framework/web/filters/CFilter.php(41): CFilterChain->run()
#18 /Applications/MAMP/htdocs/gxc/core/cms1.0/modules/rights/components/RController.php(39): RightsFilter->filter()
#19 /Applications/MAMP/htdocs/gxc/core/yii/framework/web/filters/CInlineFilter.php(59): BeobjectController->filterRights()
#20 /Applications/MAMP/htdocs/gxc/core/yii/framework/web/filters/CFilterChain.php(131): CInlineFilter->filter()
#21 /Applications/MAMP/htdocs/gxc/core/yii/framework/web/CController.php(292): CFilterChain->run()
#22 /Applications/MAMP/htdocs/gxc/core/yii/framework/web/CController.php(266): BeobjectController->runActionWithFilters()
#23 /Applications/MAMP/htdocs/gxc/core/yii/framework/web/CWebApplication.php(276): BeobjectController->run()
#24 /Applications/MAMP/htdocs/gxc/core/yii/framework/web/CWebApplication.php(135): CWebApplication->runController()
#25 /Applications/MAMP/htdocs/gxc/core/yii/framework/base/CApplication.php(162): CWebApplication->processRequest()
#26 /Applications/MAMP/htdocs/sample/backend/index-test.php(39): CWebApplication->run()
REQUEST_URI=/sample/backend/beobject/create/type/article
2012/02/20 11:30:20 [error] [php] Undefined variable: type (/Applications/MAMP/htdocs/gxc/core/cms1.0/widgets/views/object/object_resource_form_widget.php:61)
Stack trace:
#0 /Applications/MAMP/htdocs/gxc/core/yii/framework/web/CController.php(870): BeobjectController->renderFile()
#1 /Applications/MAMP/htdocs/sample/common/content_type/article/object_form_widget.php(177): BeobjectController->renderPartial()
#2 /Applications/MAMP/htdocs/gxc/core/yii/framework/web/CBaseController.php(131): require()
#3 /Applications/MAMP/htdocs/gxc/core/yii/framework/web/CBaseController.php(96): ObjectCreateWidget->renderInternal()
#4 /Applications/MAMP/htdocs/gxc/core/yii/framework/web/widgets/CWidget.php(244): ObjectCreateWidget->renderFile()
#5 /Applications/MAMP/htdocs/gxc/core/cms1.0/widgets/object/ObjectCreateWidget.php(359): ObjectCreateWidget->render()
#6 /Applications/MAMP/htdocs/gxc/core/cms1.0/widgets/object/ObjectCreateWidget.php(25): ObjectCreateWidget->renderContent()
#7 /Applications/MAMP/htdocs/gxc/core/yii/framework/web/CBaseController.php(174): ObjectCreateWidget->run()
#8 /Applications/MAMP/htdocs/sample/backend/protected/views/beobject/object_create.php(4): BeobjectController->widget()
#9 /Applications/MAMP/htdocs/gxc/core/yii/framework/web/CBaseController.php(127): require()
#10 /Applications/MAMP/htdocs/gxc/core/yii/framework/web/CBaseController.php(96): BeobjectController->renderInternal()
#11 /Applications/MAMP/htdocs/gxc/core/yii/framework/web/CController.php(870): BeobjectController->renderFile()
#12 /Applications/MAMP/htdocs/gxc/core/yii/framework/web/CController.php(783): BeobjectController->renderPartial()
#13 /Applications/MAMP/htdocs/sample/backend/protected/controllers/BeobjectController.php(28): BeobjectController->render()
#14 /Applications/MAMP/htdocs/gxc/core/yii/framework/web/actions/CInlineAction.php(50): BeobjectController->actionCreate()
#15 /Applications/MAMP/htdocs/gxc/core/yii/framework/web/CController.php(309): CInlineAction->runWithParams()
#16 /Applications/MAMP/htdocs/gxc/core/yii/framework/web/filters/CFilterChain.php(134): BeobjectController->runAction()
#17 /Applications/MAMP/htdocs/gxc/core/yii/framework/web/filters/CFilter.php(41): CFilterChain->run()
#18 /Applications/MAMP/htdocs/gxc/core/cms1.0/modules/rights/components/RController.php(39): RightsFilter->filter()
#19 /Applications/MAMP/htdocs/gxc/core/yii/framework/web/filters/CInlineFilter.php(59): BeobjectController->filterRights()
#20 /Applications/MAMP/htdocs/gxc/core/yii/framework/web/filters/CFilterChain.php(131): CInlineFilter->filter()
#21 /Applications/MAMP/htdocs/gxc/core/yii/framework/web/CController.php(292): CFilterChain->run()
#22 /Applications/MAMP/htdocs/gxc/core/yii/framework/web/CController.php(266): BeobjectController->runActionWithFilters()
#23 /Applications/MAMP/htdocs/gxc/core/yii/framework/web/CWebApplication.php(276): BeobjectController->run()
#24 /Applications/MAMP/htdocs/gxc/core/yii/framework/web/CWebApplication.php(135): CWebApplication->runController()
#25 /Applications/MAMP/htdocs/gxc/core/yii/framework/base/CApplication.php(162): CWebApplication->processRequest()
#26 /Applications/MAMP/htdocs/sample/backend/index-test.php(39): CWebApplication->run()
REQUEST_URI=/sample/backend/beobject/create/type/article
2012/02/20 11:30:28 [error] [php] Undefined variable: content_resources (/Applications/MAMP/htdocs/gxc/core/cms1.0/widgets/views/object/object_resource_form_widget.php:82)
Stack trace:
#0 /Applications/MAMP/htdocs/gxc/core/yii/framework/web/CController.php(870): BeobjectController->renderFile()
#1 /Applications/MAMP/htdocs/sample/common/content_type/article/object_form_widget.php(177): BeobjectController->renderPartial()
#2 /Applications/MAMP/htdocs/gxc/core/yii/framework/web/CBaseController.php(131): require()
#3 /Applications/MAMP/htdocs/gxc/core/yii/framework/web/CBaseController.php(96): ObjectCreateWidget->renderInternal()
#4 /Applications/MAMP/htdocs/gxc/core/yii/framework/web/widgets/CWidget.php(244): ObjectCreateWidget->renderFile()
#5 /Applications/MAMP/htdocs/gxc/core/cms1.0/widgets/object/ObjectCreateWidget.php(359): ObjectCreateWidget->render()
#6 /Applications/MAMP/htdocs/gxc/core/cms1.0/widgets/object/ObjectCreateWidget.php(25): ObjectCreateWidget->renderContent()
#7 /Applications/MAMP/htdocs/gxc/core/yii/framework/web/CBaseController.php(174): ObjectCreateWidget->run()
#8 /Applications/MAMP/htdocs/sample/backend/protected/views/beobject/object_create.php(4): BeobjectController->widget()
#9 /Applications/MAMP/htdocs/gxc/core/yii/framework/web/CBaseController.php(127): require()
#10 /Applications/MAMP/htdocs/gxc/core/yii/framework/web/CBaseController.php(96): BeobjectController->renderInternal()
#11 /Applications/MAMP/htdocs/gxc/core/yii/framework/web/CController.php(870): BeobjectController->renderFile()
#12 /Applications/MAMP/htdocs/gxc/core/yii/framework/web/CController.php(783): BeobjectController->renderPartial()
#13 /Applications/MAMP/htdocs/sample/backend/protected/controllers/BeobjectController.php(28): BeobjectController->render()
#14 /Applications/MAMP/htdocs/gxc/core/yii/framework/web/actions/CInlineAction.php(50): BeobjectController->actionCreate()
#15 /Applications/MAMP/htdocs/gxc/core/yii/framework/web/CController.php(309): CInlineAction->runWithParams()
#16 /Applications/MAMP/htdocs/gxc/core/yii/framework/web/filters/CFilterChain.php(134): BeobjectController->runAction()
#17 /Applications/MAMP/htdocs/gxc/core/yii/framework/web/filters/CFilter.php(41): CFilterChain->run()
#18 /Applications/MAMP/htdocs/gxc/core/cms1.0/modules/rights/components/RController.php(39): RightsFilter->filter()
#19 /Applications/MAMP/htdocs/gxc/core/yii/framework/web/filters/CInlineFilter.php(59): BeobjectController->filterRights()
#20 /Applications/MAMP/htdocs/gxc/core/yii/framework/web/filters/CFilterChain.php(131): CInlineFilter->filter()
#21 /Applications/MAMP/htdocs/gxc/core/yii/framework/web/CController.php(292): CFilterChain->run()
#22 /Applications/MAMP/htdocs/gxc/core/yii/framework/web/CController.php(266): BeobjectController->runActionWithFilters()
#23 /Applications/MAMP/htdocs/gxc/core/yii/framework/web/CWebApplication.php(276): BeobjectController->run()
#24 /Applications/MAMP/htdocs/gxc/core/yii/framework/web/CWebApplication.php(135): CWebApplication->runController()
#25 /Applications/MAMP/htdocs/gxc/core/yii/framework/base/CApplication.php(162): CWebApplication->processRequest()
#26 /Applications/MAMP/htdocs/sample/backend/index-test.php(39): CWebApplication->run()
REQUEST_URI=/sample/backend/beobject/create/type/article
2012/02/20 11:30:28 [error] [php] Undefined variable: content_resources (/Applications/MAMP/htdocs/gxc/core/cms1.0/widgets/views/object/object_resource_form_widget.php:82)
Stack trace:
#0 /Applications/MAMP/htdocs/gxc/core/yii/framework/web/CController.php(870): BeobjectController->renderFile()
#1 /Applications/MAMP/htdocs/sample/common/content_type/article/object_form_widget.php(177): BeobjectController->renderPartial()
#2 /Applications/MAMP/htdocs/gxc/core/yii/framework/web/CBaseController.php(131): require()
#3 /Applications/MAMP/htdocs/gxc/core/yii/framework/web/CBaseController.php(96): ObjectCreateWidget->renderInternal()
#4 /Applications/MAMP/htdocs/gxc/core/yii/framework/web/widgets/CWidget.php(244): ObjectCreateWidget->renderFile()
#5 /Applications/MAMP/htdocs/gxc/core/cms1.0/widgets/object/ObjectCreateWidget.php(359): ObjectCreateWidget->render()
#6 /Applications/MAMP/htdocs/gxc/core/cms1.0/widgets/object/ObjectCreateWidget.php(25): ObjectCreateWidget->renderContent()
#7 /Applications/MAMP/htdocs/gxc/core/yii/framework/web/CBaseController.php(174): ObjectCreateWidget->run()
#8 /Applications/MAMP/htdocs/sample/backend/protected/views/beobject/object_create.php(4): BeobjectController->widget()
#9 /Applications/MAMP/htdocs/gxc/core/yii/framework/web/CBaseController.php(127): require()
#10 /Applications/MAMP/htdocs/gxc/core/yii/framework/web/CBaseController.php(96): BeobjectController->renderInternal()
#11 /Applications/MAMP/htdocs/gxc/core/yii/framework/web/CController.php(870): BeobjectController->renderFile()
#12 /Applications/MAMP/htdocs/gxc/core/yii/framework/web/CController.php(783): BeobjectController->renderPartial()
#13 /Applications/MAMP/htdocs/sample/backend/protected/controllers/BeobjectController.php(28): BeobjectController->render()
#14 /Applications/MAMP/htdocs/gxc/core/yii/framework/web/actions/CInlineAction.php(50): BeobjectController->actionCreate()
#15 /Applications/MAMP/htdocs/gxc/core/yii/framework/web/CController.php(309): CInlineAction->runWithParams()
#16 /Applications/MAMP/htdocs/gxc/core/yii/framework/web/filters/CFilterChain.php(134): BeobjectController->runAction()
#17 /Applications/MAMP/htdocs/gxc/core/yii/framework/web/filters/CFilter.php(41): CFilterChain->run()
#18 /Applications/MAMP/htdocs/gxc/core/cms1.0/modules/rights/components/RController.php(39): RightsFilter->filter()
#19 /Applications/MAMP/htdocs/gxc/core/yii/framework/web/filters/CInlineFilter.php(59): BeobjectController->filterRights()
#20 /Applications/MAMP/htdocs/gxc/core/yii/framework/web/filters/CFilterChain.php(131): CInlineFilter->filter()
#21 /Applications/MAMP/htdocs/gxc/core/yii/framework/web/CController.php(292): CFilterChain->run()
#22 /Applications/MAMP/htdocs/gxc/core/yii/framework/web/CController.php(266): BeobjectController->runActionWithFilters()
#23 /Applications/MAMP/htdocs/gxc/core/yii/framework/web/CWebApplication.php(276): BeobjectController->run()
#24 /Applications/MAMP/htdocs/gxc/core/yii/framework/web/CWebApplication.php(135): CWebApplication->runController()
#25 /Applications/MAMP/htdocs/gxc/core/yii/framework/base/CApplication.php(162): CWebApplication->processRequest()
#26 /Applications/MAMP/htdocs/sample/backend/index-test.php(39): CWebApplication->run()
REQUEST_URI=/sample/backend/beobject/create/type/article
2012/02/20 11:30:49 [error] [php] Undefined variable: form (/Applications/MAMP/htdocs/gxc/core/cms1.0/widgets/views/object/object_seo_form_widget.php:14)
Stack trace:
#0 /Applications/MAMP/htdocs/gxc/core/yii/framework/web/CController.php(870): BeobjectController->renderFile()
#1 /Applications/MAMP/htdocs/sample/common/content_type/article/object_form_widget.php(177): BeobjectController->renderPartial()
#2 /Applications/MAMP/htdocs/gxc/core/yii/framework/web/CBaseController.php(131): require()
#3 /Applications/MAMP/htdocs/gxc/core/yii/framework/web/CBaseController.php(96): ObjectCreateWidget->renderInternal()
#4 /Applications/MAMP/htdocs/gxc/core/yii/framework/web/widgets/CWidget.php(244): ObjectCreateWidget->renderFile()
#5 /Applications/MAMP/htdocs/gxc/core/cms1.0/widgets/object/ObjectCreateWidget.php(359): ObjectCreateWidget->render()
#6 /Applications/MAMP/htdocs/gxc/core/cms1.0/widgets/object/ObjectCreateWidget.php(25): ObjectCreateWidget->renderContent()
#7 /Applications/MAMP/htdocs/gxc/core/yii/framework/web/CBaseController.php(174): ObjectCreateWidget->run()
#8 /Applications/MAMP/htdocs/sample/backend/protected/views/beobject/object_create.php(4): BeobjectController->widget()
#9 /Applications/MAMP/htdocs/gxc/core/yii/framework/web/CBaseController.php(127): require()
#10 /Applications/MAMP/htdocs/gxc/core/yii/framework/web/CBaseController.php(96): BeobjectController->renderInternal()
#11 /Applications/MAMP/htdocs/gxc/core/yii/framework/web/CController.php(870): BeobjectController->renderFile()
#12 /Applications/MAMP/htdocs/gxc/core/yii/framework/web/CController.php(783): BeobjectController->renderPartial()
#13 /Applications/MAMP/htdocs/sample/backend/protected/controllers/BeobjectController.php(28): BeobjectController->render()
#14 /Applications/MAMP/htdocs/gxc/core/yii/framework/web/actions/CInlineAction.php(50): BeobjectController->actionCreate()
#15 /Applications/MAMP/htdocs/gxc/core/yii/framework/web/CController.php(309): CInlineAction->runWithParams()
#16 /Applications/MAMP/htdocs/gxc/core/yii/framework/web/filters/CFilterChain.php(134): BeobjectController->runAction()
#17 /Applications/MAMP/htdocs/gxc/core/yii/framework/web/filters/CFilter.php(41): CFilterChain->run()
#18 /Applications/MAMP/htdocs/gxc/core/cms1.0/modules/rights/components/RController.php(39): RightsFilter->filter()
#19 /Applications/MAMP/htdocs/gxc/core/yii/framework/web/filters/CInlineFilter.php(59): BeobjectController->filterRights()
#20 /Applications/MAMP/htdocs/gxc/core/yii/framework/web/filters/CFilterChain.php(131): CInlineFilter->filter()
#21 /Applications/MAMP/htdocs/gxc/core/yii/framework/web/CController.php(292): CFilterChain->run()
#22 /Applications/MAMP/htdocs/gxc/core/yii/framework/web/CController.php(266): BeobjectController->runActionWithFilters()
#23 /Applications/MAMP/htdocs/gxc/core/yii/framework/web/CWebApplication.php(276): BeobjectController->run()
#24 /Applications/MAMP/htdocs/gxc/core/yii/framework/web/CWebApplication.php(135): CWebApplication->runController()
#25 /Applications/MAMP/htdocs/gxc/core/yii/framework/base/CApplication.php(162): CWebApplication->processRequest()
#26 /Applications/MAMP/htdocs/sample/backend/index-test.php(39): CWebApplication->run()
REQUEST_URI=/sample/backend/beobject/create/type/article
2012/02/20 11:30:49 [error] [php] Undefined variable: form (/Applications/MAMP/htdocs/gxc/core/cms1.0/widgets/views/object/object_seo_form_widget.php:14)
Stack trace:
#0 /Applications/MAMP/htdocs/gxc/core/yii/framework/web/CController.php(870): BeobjectController->renderFile()
#1 /Applications/MAMP/htdocs/sample/common/content_type/article/object_form_widget.php(177): BeobjectController->renderPartial()
#2 /Applications/MAMP/htdocs/gxc/core/yii/framework/web/CBaseController.php(131): require()
#3 /Applications/MAMP/htdocs/gxc/core/yii/framework/web/CBaseController.php(96): ObjectCreateWidget->renderInternal()
#4 /Applications/MAMP/htdocs/gxc/core/yii/framework/web/widgets/CWidget.php(244): ObjectCreateWidget->renderFile()
#5 /Applications/MAMP/htdocs/gxc/core/cms1.0/widgets/object/ObjectCreateWidget.php(359): ObjectCreateWidget->render()
#6 /Applications/MAMP/htdocs/gxc/core/cms1.0/widgets/object/ObjectCreateWidget.php(25): ObjectCreateWidget->renderContent()
#7 /Applications/MAMP/htdocs/gxc/core/yii/framework/web/CBaseController.php(174): ObjectCreateWidget->run()
#8 /Applications/MAMP/htdocs/sample/backend/protected/views/beobject/object_create.php(4): BeobjectController->widget()
#9 /Applications/MAMP/htdocs/gxc/core/yii/framework/web/CBaseController.php(127): require()
#10 /Applications/MAMP/htdocs/gxc/core/yii/framework/web/CBaseController.php(96): BeobjectController->renderInternal()
#11 /Applications/MAMP/htdocs/gxc/core/yii/framework/web/CController.php(870): BeobjectController->renderFile()
#12 /Applications/MAMP/htdocs/gxc/core/yii/framework/web/CController.php(783): BeobjectController->renderPartial()
#13 /Applications/MAMP/htdocs/sample/backend/protected/controllers/BeobjectController.php(28): BeobjectController->render()
#14 /Applications/MAMP/htdocs/gxc/core/yii/framework/web/actions/CInlineAction.php(50): BeobjectController->actionCreate()
#15 /Applications/MAMP/htdocs/gxc/core/yii/framework/web/CController.php(309): CInlineAction->runWithParams()
#16 /Applications/MAMP/htdocs/gxc/core/yii/framework/web/filters/CFilterChain.php(134): BeobjectController->runAction()
#17 /Applications/MAMP/htdocs/gxc/core/yii/framework/web/filters/CFilter.php(41): CFilterChain->run()
#18 /Applications/MAMP/htdocs/gxc/core/cms1.0/modules/rights/components/RController.php(39): RightsFilter->filter()
#19 /Applications/MAMP/htdocs/gxc/core/yii/framework/web/filters/CInlineFilter.php(59): BeobjectController->filterRights()
#20 /Applications/MAMP/htdocs/gxc/core/yii/framework/web/filters/CFilterChain.php(131): CInlineFilter->filter()
#21 /Applications/MAMP/htdocs/gxc/core/yii/framework/web/CController.php(292): CFilterChain->run()
#22 /Applications/MAMP/htdocs/gxc/core/yii/framework/web/CController.php(266): BeobjectController->runActionWithFilters()
#23 /Applications/MAMP/htdocs/gxc/core/yii/framework/web/CWebApplication.php(276): BeobjectController->run()
#24 /Applications/MAMP/htdocs/gxc/core/yii/framework/web/CWebApplication.php(135): CWebApplication->runController()
#25 /Applications/MAMP/htdocs/gxc/core/yii/framework/base/CApplication.php(162): CWebApplication->processRequest()
#26 /Applications/MAMP/htdocs/sample/backend/index-test.php(39): CWebApplication->run()
REQUEST_URI=/sample/backend/beobject/create/type/article
2012/02/20 11:34:39 [error] [php] Undefined variable: terms (/Applications/MAMP/htdocs/gxc/core/cms1.0/widgets/views/object/object_publish_sidebar_form.php:30)
Stack trace:
#0 /Applications/MAMP/htdocs/gxc/core/yii/framework/web/widgets/CWidget.php(244): ObjectCreateWidget->renderFile()
#1 /Applications/MAMP/htdocs/sample/common/content_type/article/object_form_widget.php(24): ObjectCreateWidget->render()
#2 /Applications/MAMP/htdocs/gxc/core/yii/framework/web/CBaseController.php(131): require()
#3 /Applications/MAMP/htdocs/gxc/core/yii/framework/web/CBaseController.php(96): ObjectCreateWidget->renderInternal()
#4 /Applications/MAMP/htdocs/gxc/core/yii/framework/web/widgets/CWidget.php(244): ObjectCreateWidget->renderFile()
#5 /Applications/MAMP/htdocs/gxc/core/cms1.0/widgets/object/ObjectCreateWidget.php(359): ObjectCreateWidget->render()
#6 /Applications/MAMP/htdocs/gxc/core/cms1.0/widgets/object/ObjectCreateWidget.php(25): ObjectCreateWidget->renderContent()
#7 /Applications/MAMP/htdocs/gxc/core/yii/framework/web/CBaseController.php(174): ObjectCreateWidget->run()
#8 /Applications/MAMP/htdocs/sample/backend/protected/views/beobject/object_create.php(4): BeobjectController->widget()
#9 /Applications/MAMP/htdocs/gxc/core/yii/framework/web/CBaseController.php(127): require()
#10 /Applications/MAMP/htdocs/gxc/core/yii/framework/web/CBaseController.php(96): BeobjectController->renderInternal()
#11 /Applications/MAMP/htdocs/gxc/core/yii/framework/web/CController.php(870): BeobjectController->renderFile()
#12 /Applications/MAMP/htdocs/gxc/core/yii/framework/web/CController.php(783): BeobjectController->renderPartial()
#13 /Applications/MAMP/htdocs/sample/backend/protected/controllers/BeobjectController.php(28): BeobjectController->render()
#14 /Applications/MAMP/htdocs/gxc/core/yii/framework/web/actions/CInlineAction.php(50): BeobjectController->actionCreate()
#15 /Applications/MAMP/htdocs/gxc/core/yii/framework/web/CController.php(309): CInlineAction->runWithParams()
#16 /Applications/MAMP/htdocs/gxc/core/yii/framework/web/filters/CFilterChain.php(134): BeobjectController->runAction()
#17 /Applications/MAMP/htdocs/gxc/core/yii/framework/web/filters/CFilter.php(41): CFilterChain->run()
#18 /Applications/MAMP/htdocs/gxc/core/cms1.0/modules/rights/components/RController.php(39): RightsFilter->filter()
#19 /Applications/MAMP/htdocs/gxc/core/yii/framework/web/filters/CInlineFilter.php(59): BeobjectController->filterRights()
#20 /Applications/MAMP/htdocs/gxc/core/yii/framework/web/filters/CFilterChain.php(131): CInlineFilter->filter()
#21 /Applications/MAMP/htdocs/gxc/core/yii/framework/web/CController.php(292): CFilterChain->run()
#22 /Applications/MAMP/htdocs/gxc/core/yii/framework/web/CController.php(266): BeobjectController->runActionWithFilters()
#23 /Applications/MAMP/htdocs/gxc/core/yii/framework/web/CWebApplication.php(276): BeobjectController->run()
#24 /Applications/MAMP/htdocs/gxc/core/yii/framework/web/CWebApplication.php(135): CWebApplication->runController()
#25 /Applications/MAMP/htdocs/gxc/core/yii/framework/base/CApplication.php(162): CWebApplication->processRequest()
#26 /Applications/MAMP/htdocs/sample/backend/index-test.php(39): CWebApplication->run()
REQUEST_URI=/sample/backend/beobject/create/type/article
2012/02/20 11:34:39 [error] [php] Undefined variable: terms (/Applications/MAMP/htdocs/gxc/core/cms1.0/widgets/views/object/object_publish_sidebar_form.php:30)
Stack trace:
#0 /Applications/MAMP/htdocs/gxc/core/yii/framework/web/widgets/CWidget.php(244): ObjectCreateWidget->renderFile()
#1 /Applications/MAMP/htdocs/sample/common/content_type/article/object_form_widget.php(24): ObjectCreateWidget->render()
#2 /Applications/MAMP/htdocs/gxc/core/yii/framework/web/CBaseController.php(131): require()
#3 /Applications/MAMP/htdocs/gxc/core/yii/framework/web/CBaseController.php(96): ObjectCreateWidget->renderInternal()
#4 /Applications/MAMP/htdocs/gxc/core/yii/framework/web/widgets/CWidget.php(244): ObjectCreateWidget->renderFile()
#5 /Applications/MAMP/htdocs/gxc/core/cms1.0/widgets/object/ObjectCreateWidget.php(359): ObjectCreateWidget->render()
#6 /Applications/MAMP/htdocs/gxc/core/cms1.0/widgets/object/ObjectCreateWidget.php(25): ObjectCreateWidget->renderContent()
#7 /Applications/MAMP/htdocs/gxc/core/yii/framework/web/CBaseController.php(174): ObjectCreateWidget->run()
#8 /Applications/MAMP/htdocs/sample/backend/protected/views/beobject/object_create.php(4): BeobjectController->widget()
#9 /Applications/MAMP/htdocs/gxc/core/yii/framework/web/CBaseController.php(127): require()
#10 /Applications/MAMP/htdocs/gxc/core/yii/framework/web/CBaseController.php(96): BeobjectController->renderInternal()
#11 /Applications/MAMP/htdocs/gxc/core/yii/framework/web/CController.php(870): BeobjectController->renderFile()
#12 /Applications/MAMP/htdocs/gxc/core/yii/framework/web/CController.php(783): BeobjectController->renderPartial()
#13 /Applications/MAMP/htdocs/sample/backend/protected/controllers/BeobjectController.php(28): BeobjectController->render()
#14 /Applications/MAMP/htdocs/gxc/core/yii/framework/web/actions/CInlineAction.php(50): BeobjectController->actionCreate()
#15 /Applications/MAMP/htdocs/gxc/core/yii/framework/web/CController.php(309): CInlineAction->runWithParams()
#16 /Applications/MAMP/htdocs/gxc/core/yii/framework/web/filters/CFilterChain.php(134): BeobjectController->runAction()
#17 /Applications/MAMP/htdocs/gxc/core/yii/framework/web/filters/CFilter.php(41): CFilterChain->run()
#18 /Applications/MAMP/htdocs/gxc/core/cms1.0/modules/rights/components/RController.php(39): RightsFilter->filter()
#19 /Applications/MAMP/htdocs/gxc/core/yii/framework/web/filters/CInlineFilter.php(59): BeobjectController->filterRights()
#20 /Applications/MAMP/htdocs/gxc/core/yii/framework/web/filters/CFilterChain.php(131): CInlineFilter->filter()
#21 /Applications/MAMP/htdocs/gxc/core/yii/framework/web/CController.php(292): CFilterChain->run()
#22 /Applications/MAMP/htdocs/gxc/core/yii/framework/web/CController.php(266): BeobjectController->runActionWithFilters()
#23 /Applications/MAMP/htdocs/gxc/core/yii/framework/web/CWebApplication.php(276): BeobjectController->run()
#24 /Applications/MAMP/htdocs/gxc/core/yii/framework/web/CWebApplication.php(135): CWebApplication->runController()
#25 /Applications/MAMP/htdocs/gxc/core/yii/framework/base/CApplication.php(162): CWebApplication->processRequest()
#26 /Applications/MAMP/htdocs/sample/backend/index-test.php(39): CWebApplication->run()
REQUEST_URI=/sample/backend/beobject/create/type/article
2012/02/20 11:34:51 [error] [php] Undefined variable: selected_terms (/Applications/MAMP/htdocs/gxc/core/cms1.0/widgets/views/object/object_publish_sidebar_form.php:35)
Stack trace:
#0 /Applications/MAMP/htdocs/gxc/core/yii/framework/web/widgets/CWidget.php(244): ObjectCreateWidget->renderFile()
#1 /Applications/MAMP/htdocs/sample/common/content_type/article/object_form_widget.php(24): ObjectCreateWidget->render()
#2 /Applications/MAMP/htdocs/gxc/core/yii/framework/web/CBaseController.php(131): require()
#3 /Applications/MAMP/htdocs/gxc/core/yii/framework/web/CBaseController.php(96): ObjectCreateWidget->renderInternal()
#4 /Applications/MAMP/htdocs/gxc/core/yii/framework/web/widgets/CWidget.php(244): ObjectCreateWidget->renderFile()
#5 /Applications/MAMP/htdocs/gxc/core/cms1.0/widgets/object/ObjectCreateWidget.php(359): ObjectCreateWidget->render()
#6 /Applications/MAMP/htdocs/gxc/core/cms1.0/widgets/object/ObjectCreateWidget.php(25): ObjectCreateWidget->renderContent()
#7 /Applications/MAMP/htdocs/gxc/core/yii/framework/web/CBaseController.php(174): ObjectCreateWidget->run()
#8 /Applications/MAMP/htdocs/sample/backend/protected/views/beobject/object_create.php(4): BeobjectController->widget()
#9 /Applications/MAMP/htdocs/gxc/core/yii/framework/web/CBaseController.php(127): require()
#10 /Applications/MAMP/htdocs/gxc/core/yii/framework/web/CBaseController.php(96): BeobjectController->renderInternal()
#11 /Applications/MAMP/htdocs/gxc/core/yii/framework/web/CController.php(870): BeobjectController->renderFile()
#12 /Applications/MAMP/htdocs/gxc/core/yii/framework/web/CController.php(783): BeobjectController->renderPartial()
#13 /Applications/MAMP/htdocs/sample/backend/protected/controllers/BeobjectController.php(28): BeobjectController->render()
#14 /Applications/MAMP/htdocs/gxc/core/yii/framework/web/actions/CInlineAction.php(50): BeobjectController->actionCreate()
#15 /Applications/MAMP/htdocs/gxc/core/yii/framework/web/CController.php(309): CInlineAction->runWithParams()
#16 /Applications/MAMP/htdocs/gxc/core/yii/framework/web/filters/CFilterChain.php(134): BeobjectController->runAction()
#17 /Applications/MAMP/htdocs/gxc/core/yii/framework/web/filters/CFilter.php(41): CFilterChain->run()
#18 /Applications/MAMP/htdocs/gxc/core/cms1.0/modules/rights/components/RController.php(39): RightsFilter->filter()
#19 /Applications/MAMP/htdocs/gxc/core/yii/framework/web/filters/CInlineFilter.php(59): BeobjectController->filterRights()
#20 /Applications/MAMP/htdocs/gxc/core/yii/framework/web/filters/CFilterChain.php(131): CInlineFilter->filter()
#21 /Applications/MAMP/htdocs/gxc/core/yii/framework/web/CController.php(292): CFilterChain->run()
#22 /Applications/MAMP/htdocs/gxc/core/yii/framework/web/CController.php(266): BeobjectController->runActionWithFilters()
#23 /Applications/MAMP/htdocs/gxc/core/yii/framework/web/CWebApplication.php(276): BeobjectController->run()
#24 /Applications/MAMP/htdocs/gxc/core/yii/framework/web/CWebApplication.php(135): CWebApplication->runController()
#25 /Applications/MAMP/htdocs/gxc/core/yii/framework/base/CApplication.php(162): CWebApplication->processRequest()
#26 /Applications/MAMP/htdocs/sample/backend/index-test.php(39): CWebApplication->run()
REQUEST_URI=/sample/backend/beobject/create/type/article
2012/02/20 11:34:51 [error] [php] Undefined variable: selected_terms (/Applications/MAMP/htdocs/gxc/core/cms1.0/widgets/views/object/object_publish_sidebar_form.php:35)
Stack trace:
#0 /Applications/MAMP/htdocs/gxc/core/yii/framework/web/widgets/CWidget.php(244): ObjectCreateWidget->renderFile()
#1 /Applications/MAMP/htdocs/sample/common/content_type/article/object_form_widget.php(24): ObjectCreateWidget->render()
#2 /Applications/MAMP/htdocs/gxc/core/yii/framework/web/CBaseController.php(131): require()
#3 /Applications/MAMP/htdocs/gxc/core/yii/framework/web/CBaseController.php(96): ObjectCreateWidget->renderInternal()
#4 /Applications/MAMP/htdocs/gxc/core/yii/framework/web/widgets/CWidget.php(244): ObjectCreateWidget->renderFile()
#5 /Applications/MAMP/htdocs/gxc/core/cms1.0/widgets/object/ObjectCreateWidget.php(359): ObjectCreateWidget->render()
#6 /Applications/MAMP/htdocs/gxc/core/cms1.0/widgets/object/ObjectCreateWidget.php(25): ObjectCreateWidget->renderContent()
#7 /Applications/MAMP/htdocs/gxc/core/yii/framework/web/CBaseController.php(174): ObjectCreateWidget->run()
#8 /Applications/MAMP/htdocs/sample/backend/protected/views/beobject/object_create.php(4): BeobjectController->widget()
#9 /Applications/MAMP/htdocs/gxc/core/yii/framework/web/CBaseController.php(127): require()
#10 /Applications/MAMP/htdocs/gxc/core/yii/framework/web/CBaseController.php(96): BeobjectController->renderInternal()
#11 /Applications/MAMP/htdocs/gxc/core/yii/framework/web/CController.php(870): BeobjectController->renderFile()
#12 /Applications/MAMP/htdocs/gxc/core/yii/framework/web/CController.php(783): BeobjectController->renderPartial()
#13 /Applications/MAMP/htdocs/sample/backend/protected/controllers/BeobjectController.php(28): BeobjectController->render()
#14 /Applications/MAMP/htdocs/gxc/core/yii/framework/web/actions/CInlineAction.php(50): BeobjectController->actionCreate()
#15 /Applications/MAMP/htdocs/gxc/core/yii/framework/web/CController.php(309): CInlineAction->runWithParams()
#16 /Applications/MAMP/htdocs/gxc/core/yii/framework/web/filters/CFilterChain.php(134): BeobjectController->runAction()
#17 /Applications/MAMP/htdocs/gxc/core/yii/framework/web/filters/CFilter.php(41): CFilterChain->run()
#18 /Applications/MAMP/htdocs/gxc/core/cms1.0/modules/rights/components/RController.php(39): RightsFilter->filter()
#19 /Applications/MAMP/htdocs/gxc/core/yii/framework/web/filters/CInlineFilter.php(59): BeobjectController->filterRights()
#20 /Applications/MAMP/htdocs/gxc/core/yii/framework/web/filters/CFilterChain.php(131): CInlineFilter->filter()
#21 /Applications/MAMP/htdocs/gxc/core/yii/framework/web/CController.php(292): CFilterChain->run()
#22 /Applications/MAMP/htdocs/gxc/core/yii/framework/web/CController.php(266): BeobjectController->runActionWithFilters()
#23 /Applications/MAMP/htdocs/gxc/core/yii/framework/web/CWebApplication.php(276): BeobjectController->run()
#24 /Applications/MAMP/htdocs/gxc/core/yii/framework/web/CWebApplication.php(135): CWebApplication->runController()
#25 /Applications/MAMP/htdocs/gxc/core/yii/framework/base/CApplication.php(162): CWebApplication->processRequest()
#26 /Applications/MAMP/htdocs/sample/backend/index-test.php(39): CWebApplication->run()
REQUEST_URI=/sample/backend/beobject/create/type/article
2012/02/20 11:43:17 [error] [php] Undefined variable: versions (/Applications/MAMP/htdocs/gxc/core/cms1.0/widgets/views/object/object_language_name_content_widget.php:3)
Stack trace:
#0 /Applications/MAMP/htdocs/gxc/core/yii/framework/web/widgets/CWidget.php(244): ObjectCreateWidget->renderFile()
#1 /Applications/MAMP/htdocs/sample/common/content_type/article/object_form_widget.php(30): ObjectCreateWidget->render()
#2 /Applications/MAMP/htdocs/gxc/core/yii/framework/web/CBaseController.php(131): require()
#3 /Applications/MAMP/htdocs/gxc/core/yii/framework/web/CBaseController.php(96): ObjectCreateWidget->renderInternal()
#4 /Applications/MAMP/htdocs/gxc/core/yii/framework/web/widgets/CWidget.php(244): ObjectCreateWidget->renderFile()
#5 /Applications/MAMP/htdocs/gxc/core/cms1.0/widgets/object/ObjectCreateWidget.php(359): ObjectCreateWidget->render()
#6 /Applications/MAMP/htdocs/gxc/core/cms1.0/widgets/object/ObjectCreateWidget.php(25): ObjectCreateWidget->renderContent()
#7 /Applications/MAMP/htdocs/gxc/core/yii/framework/web/CBaseController.php(174): ObjectCreateWidget->run()
#8 /Applications/MAMP/htdocs/sample/backend/protected/views/beobject/object_create.php(4): BeobjectController->widget()
#9 /Applications/MAMP/htdocs/gxc/core/yii/framework/web/CBaseController.php(127): require()
#10 /Applications/MAMP/htdocs/gxc/core/yii/framework/web/CBaseController.php(96): BeobjectController->renderInternal()
#11 /Applications/MAMP/htdocs/gxc/core/yii/framework/web/CController.php(870): BeobjectController->renderFile()
#12 /Applications/MAMP/htdocs/gxc/core/yii/framework/web/CController.php(783): BeobjectController->renderPartial()
#13 /Applications/MAMP/htdocs/sample/backend/protected/controllers/BeobjectController.php(28): BeobjectController->render()
#14 /Applications/MAMP/htdocs/gxc/core/yii/framework/web/actions/CInlineAction.php(50): BeobjectController->actionCreate()
#15 /Applications/MAMP/htdocs/gxc/core/yii/framework/web/CController.php(309): CInlineAction->runWithParams()
#16 /Applications/MAMP/htdocs/gxc/core/yii/framework/web/filters/CFilterChain.php(134): BeobjectController->runAction()
#17 /Applications/MAMP/htdocs/gxc/core/yii/framework/web/filters/CFilter.php(41): CFilterChain->run()
#18 /Applications/MAMP/htdocs/gxc/core/cms1.0/modules/rights/components/RController.php(39): RightsFilter->filter()
#19 /Applications/MAMP/htdocs/gxc/core/yii/framework/web/filters/CInlineFilter.php(59): BeobjectController->filterRights()
#20 /Applications/MAMP/htdocs/gxc/core/yii/framework/web/filters/CFilterChain.php(131): CInlineFilter->filter()
#21 /Applications/MAMP/htdocs/gxc/core/yii/framework/web/CController.php(292): CFilterChain->run()
#22 /Applications/MAMP/htdocs/gxc/core/yii/framework/web/CController.php(266): BeobjectController->runActionWithFilters()
#23 /Applications/MAMP/htdocs/gxc/core/yii/framework/web/CWebApplication.php(276): BeobjectController->run()
#24 /Applications/MAMP/htdocs/gxc/core/yii/framework/web/CWebApplication.php(135): CWebApplication->runController()
#25 /Applications/MAMP/htdocs/gxc/core/yii/framework/base/CApplication.php(162): CWebApplication->processRequest()
#26 /Applications/MAMP/htdocs/sample/backend/index-test.php(39): CWebApplication->run()
REQUEST_URI=/sample/backend/beobject/create/type/article
2012/02/20 11:43:17 [error] [php] Undefined variable: versions (/Applications/MAMP/htdocs/gxc/core/cms1.0/widgets/views/object/object_language_name_content_widget.php:3)
Stack trace:
#0 /Applications/MAMP/htdocs/gxc/core/yii/framework/web/widgets/CWidget.php(244): ObjectCreateWidget->renderFile()
#1 /Applications/MAMP/htdocs/sample/common/content_type/article/object_form_widget.php(30): ObjectCreateWidget->render()
#2 /Applications/MAMP/htdocs/gxc/core/yii/framework/web/CBaseController.php(131): require()
#3 /Applications/MAMP/htdocs/gxc/core/yii/framework/web/CBaseController.php(96): ObjectCreateWidget->renderInternal()
#4 /Applications/MAMP/htdocs/gxc/core/yii/framework/web/widgets/CWidget.php(244): ObjectCreateWidget->renderFile()
#5 /Applications/MAMP/htdocs/gxc/core/cms1.0/widgets/object/ObjectCreateWidget.php(359): ObjectCreateWidget->render()
#6 /Applications/MAMP/htdocs/gxc/core/cms1.0/widgets/object/ObjectCreateWidget.php(25): ObjectCreateWidget->renderContent()
#7 /Applications/MAMP/htdocs/gxc/core/yii/framework/web/CBaseController.php(174): ObjectCreateWidget->run()
#8 /Applications/MAMP/htdocs/sample/backend/protected/views/beobject/object_create.php(4): BeobjectController->widget()
#9 /Applications/MAMP/htdocs/gxc/core/yii/framework/web/CBaseController.php(127): require()
#10 /Applications/MAMP/htdocs/gxc/core/yii/framework/web/CBaseController.php(96): BeobjectController->renderInternal()
#11 /Applications/MAMP/htdocs/gxc/core/yii/framework/web/CController.php(870): BeobjectController->renderFile()
#12 /Applications/MAMP/htdocs/gxc/core/yii/framework/web/CController.php(783): BeobjectController->renderPartial()
#13 /Applications/MAMP/htdocs/sample/backend/protected/controllers/BeobjectController.php(28): BeobjectController->render()
#14 /Applications/MAMP/htdocs/gxc/core/yii/framework/web/actions/CInlineAction.php(50): BeobjectController->actionCreate()
#15 /Applications/MAMP/htdocs/gxc/core/yii/framework/web/CController.php(309): CInlineAction->runWithParams()
#16 /Applications/MAMP/htdocs/gxc/core/yii/framework/web/filters/CFilterChain.php(134): BeobjectController->runAction()
#17 /Applications/MAMP/htdocs/gxc/core/yii/framework/web/filters/CFilter.php(41): CFilterChain->run()
#18 /Applications/MAMP/htdocs/gxc/core/cms1.0/modules/rights/components/RController.php(39): RightsFilter->filter()
#19 /Applications/MAMP/htdocs/gxc/core/yii/framework/web/filters/CInlineFilter.php(59): BeobjectController->filterRights()
#20 /Applications/MAMP/htdocs/gxc/core/yii/framework/web/filters/CFilterChain.php(131): CInlineFilter->filter()
#21 /Applications/MAMP/htdocs/gxc/core/yii/framework/web/CController.php(292): CFilterChain->run()
#22 /Applications/MAMP/htdocs/gxc/core/yii/framework/web/CController.php(266): BeobjectController->runActionWithFilters()
#23 /Applications/MAMP/htdocs/gxc/core/yii/framework/web/CWebApplication.php(276): BeobjectController->run()
#24 /Applications/MAMP/htdocs/gxc/core/yii/framework/web/CWebApplication.php(135): CWebApplication->runController()
#25 /Applications/MAMP/htdocs/gxc/core/yii/framework/base/CApplication.php(162): CWebApplication->processRequest()
#26 /Applications/MAMP/htdocs/sample/backend/index-test.php(39): CWebApplication->run()
REQUEST_URI=/sample/backend/beobject/create/type/article
2012/02/20 11:43:44 [error] [php] Undefined variable: lang_exclude (/Applications/MAMP/htdocs/gxc/core/cms1.0/widgets/views/object/object_language_name_content_widget.php:18)
Stack trace:
#0 /Applications/MAMP/htdocs/gxc/core/yii/framework/web/widgets/CWidget.php(244): ObjectCreateWidget->renderFile()
#1 /Applications/MAMP/htdocs/sample/common/content_type/article/object_form_widget.php(30): ObjectCreateWidget->render()
#2 /Applications/MAMP/htdocs/gxc/core/yii/framework/web/CBaseController.php(131): require()
#3 /Applications/MAMP/htdocs/gxc/core/yii/framework/web/CBaseController.php(96): ObjectCreateWidget->renderInternal()
#4 /Applications/MAMP/htdocs/gxc/core/yii/framework/web/widgets/CWidget.php(244): ObjectCreateWidget->renderFile()
#5 /Applications/MAMP/htdocs/gxc/core/cms1.0/widgets/object/ObjectCreateWidget.php(359): ObjectCreateWidget->render()
#6 /Applications/MAMP/htdocs/gxc/core/cms1.0/widgets/object/ObjectCreateWidget.php(25): ObjectCreateWidget->renderContent()
#7 /Applications/MAMP/htdocs/gxc/core/yii/framework/web/CBaseController.php(174): ObjectCreateWidget->run()
#8 /Applications/MAMP/htdocs/sample/backend/protected/views/beobject/object_create.php(4): BeobjectController->widget()
#9 /Applications/MAMP/htdocs/gxc/core/yii/framework/web/CBaseController.php(127): require()
#10 /Applications/MAMP/htdocs/gxc/core/yii/framework/web/CBaseController.php(96): BeobjectController->renderInternal()
#11 /Applications/MAMP/htdocs/gxc/core/yii/framework/web/CController.php(870): BeobjectController->renderFile()
#12 /Applications/MAMP/htdocs/gxc/core/yii/framework/web/CController.php(783): BeobjectController->renderPartial()
#13 /Applications/MAMP/htdocs/sample/backend/protected/controllers/BeobjectController.php(28): BeobjectController->render()
#14 /Applications/MAMP/htdocs/gxc/core/yii/framework/web/actions/CInlineAction.php(50): BeobjectController->actionCreate()
#15 /Applications/MAMP/htdocs/gxc/core/yii/framework/web/CController.php(309): CInlineAction->runWithParams()
#16 /Applications/MAMP/htdocs/gxc/core/yii/framework/web/filters/CFilterChain.php(134): BeobjectController->runAction()
#17 /Applications/MAMP/htdocs/gxc/core/yii/framework/web/filters/CFilter.php(41): CFilterChain->run()
#18 /Applications/MAMP/htdocs/gxc/core/cms1.0/modules/rights/components/RController.php(39): RightsFilter->filter()
#19 /Applications/MAMP/htdocs/gxc/core/yii/framework/web/filters/CInlineFilter.php(59): BeobjectController->filterRights()
#20 /Applications/MAMP/htdocs/gxc/core/yii/framework/web/filters/CFilterChain.php(131): CInlineFilter->filter()
#21 /Applications/MAMP/htdocs/gxc/core/yii/framework/web/CController.php(292): CFilterChain->run()
#22 /Applications/MAMP/htdocs/gxc/core/yii/framework/web/CController.php(266): BeobjectController->runActionWithFilters()
#23 /Applications/MAMP/htdocs/gxc/core/yii/framework/web/CWebApplication.php(276): BeobjectController->run()
#24 /Applications/MAMP/htdocs/gxc/core/yii/framework/web/CWebApplication.php(135): CWebApplication->runController()
#25 /Applications/MAMP/htdocs/gxc/core/yii/framework/base/CApplication.php(162): CWebApplication->processRequest()
#26 /Applications/MAMP/htdocs/sample/backend/index-test.php(39): CWebApplication->run()
REQUEST_URI=/sample/backend/beobject/create/type/article
2012/02/20 11:43:44 [error] [php] Undefined variable: lang_exclude (/Applications/MAMP/htdocs/gxc/core/cms1.0/widgets/views/object/object_language_name_content_widget.php:18)
Stack trace:
#0 /Applications/MAMP/htdocs/gxc/core/yii/framework/web/widgets/CWidget.php(244): ObjectCreateWidget->renderFile()
#1 /Applications/MAMP/htdocs/sample/common/content_type/article/object_form_widget.php(30): ObjectCreateWidget->render()
#2 /Applications/MAMP/htdocs/gxc/core/yii/framework/web/CBaseController.php(131): require()
#3 /Applications/MAMP/htdocs/gxc/core/yii/framework/web/CBaseController.php(96): ObjectCreateWidget->renderInternal()
#4 /Applications/MAMP/htdocs/gxc/core/yii/framework/web/widgets/CWidget.php(244): ObjectCreateWidget->renderFile()
#5 /Applications/MAMP/htdocs/gxc/core/cms1.0/widgets/object/ObjectCreateWidget.php(359): ObjectCreateWidget->render()
#6 /Applications/MAMP/htdocs/gxc/core/cms1.0/widgets/object/ObjectCreateWidget.php(25): ObjectCreateWidget->renderContent()
#7 /Applications/MAMP/htdocs/gxc/core/yii/framework/web/CBaseController.php(174): ObjectCreateWidget->run()
#8 /Applications/MAMP/htdocs/sample/backend/protected/views/beobject/object_create.php(4): BeobjectController->widget()
#9 /Applications/MAMP/htdocs/gxc/core/yii/framework/web/CBaseController.php(127): require()
#10 /Applications/MAMP/htdocs/gxc/core/yii/framework/web/CBaseController.php(96): BeobjectController->renderInternal()
#11 /Applications/MAMP/htdocs/gxc/core/yii/framework/web/CController.php(870): BeobjectController->renderFile()
#12 /Applications/MAMP/htdocs/gxc/core/yii/framework/web/CController.php(783): BeobjectController->renderPartial()
#13 /Applications/MAMP/htdocs/sample/backend/protected/controllers/BeobjectController.php(28): BeobjectController->render()
#14 /Applications/MAMP/htdocs/gxc/core/yii/framework/web/actions/CInlineAction.php(50): BeobjectController->actionCreate()
#15 /Applications/MAMP/htdocs/gxc/core/yii/framework/web/CController.php(309): CInlineAction->runWithParams()
#16 /Applications/MAMP/htdocs/gxc/core/yii/framework/web/filters/CFilterChain.php(134): BeobjectController->runAction()
#17 /Applications/MAMP/htdocs/gxc/core/yii/framework/web/filters/CFilter.php(41): CFilterChain->run()
#18 /Applications/MAMP/htdocs/gxc/core/cms1.0/modules/rights/components/RController.php(39): RightsFilter->filter()
#19 /Applications/MAMP/htdocs/gxc/core/yii/framework/web/filters/CInlineFilter.php(59): BeobjectController->filterRights()
#20 /Applications/MAMP/htdocs/gxc/core/yii/framework/web/filters/CFilterChain.php(131): CInlineFilter->filter()
#21 /Applications/MAMP/htdocs/gxc/core/yii/framework/web/CController.php(292): CFilterChain->run()
#22 /Applications/MAMP/htdocs/gxc/core/yii/framework/web/CController.php(266): BeobjectController->runActionWithFilters()
#23 /Applications/MAMP/htdocs/gxc/core/yii/framework/web/CWebApplication.php(276): BeobjectController->run()
#24 /Applications/MAMP/htdocs/gxc/core/yii/framework/web/CWebApplication.php(135): CWebApplication->runController()
#25 /Applications/MAMP/htdocs/gxc/core/yii/framework/base/CApplication.php(162): CWebApplication->processRequest()
#26 /Applications/MAMP/htdocs/sample/backend/index-test.php(39): CWebApplication->run()
REQUEST_URI=/sample/backend/beobject/create/type/article
